<?xml version="1.0" encoding="UTF-8"?>
<testsuite xmlns:xsi="http://www.w3.org/2001/XMLSchema-instance" xsi:noNamespaceSchemaLocation="https://maven.apache.org/surefire/maven-surefire-plugin/xsd/surefire-test-report-3.0.xsd" version="3.0" name="TestSuite" time="114.746" tests="1" errors="0" skipped="0" failures="0">
  <properties>
    <property name="sun.desktop" value="windows"/>
    <property name="awt.toolkit" value="sun.awt.windows.WToolkit"/>
    <property name="file.encoding.pkg" value="sun.io"/>
    <property name="java.specification.version" value="1.8"/>
    <property name="webdriver.chrome.driver" value="C:\Users\Paul\Documents\NetBeansProjects\Assignment2//src/test/java/com/hotelreview/chromedriver/chromedriver.exe"/>
    <property name="sun.cpu.isalist" value="amd64"/>
    <property name="sun.jnu.encoding" value="Cp1252"/>
    <property name="java.class.path" value="C:\Users\Paul\Documents\NetBeansProjects\Assignment2\target\test-classes;C:\Users\Paul\Documents\NetBeansProjects\Assignment2\target\classes;C:\Users\Paul\.m2\repository\junit\junit\3.8.1\junit-3.8.1.jar;C:\Users\Paul\.m2\repository\org\seleniumhq\selenium\selenium-java\2.41.0\selenium-java-2.41.0.jar;C:\Users\Paul\.m2\repository\org\seleniumhq\selenium\selenium-chrome-driver\2.41.0\selenium-chrome-driver-2.41.0.jar;C:\Users\Paul\.m2\repository\org\seleniumhq\selenium\selenium-htmlunit-driver\2.41.0\selenium-htmlunit-driver-2.41.0.jar;C:\Users\Paul\.m2\repository\net\sourceforge\htmlunit\htmlunit\2.13\htmlunit-2.13.jar;C:\Users\Paul\.m2\repository\xalan\xalan\2.7.1\xalan-2.7.1.jar;C:\Users\Paul\.m2\repository\xalan\serializer\2.7.1\serializer-2.7.1.jar;C:\Users\Paul\.m2\repository\commons-collections\commons-collections\3.2.1\commons-collections-3.2.1.jar;C:\Users\Paul\.m2\repository\org\apache\commons\commons-lang3\3.1\commons-lang3-3.1.jar;C:\Users\Paul\.m2\repository\org\apache\httpcomponents\httpmime\4.3.1\httpmime-4.3.1.jar;C:\Users\Paul\.m2\repository\net\sourceforge\htmlunit\htmlunit-core-js\2.13\htmlunit-core-js-2.13.jar;C:\Users\Paul\.m2\repository\xerces\xercesImpl\2.11.0\xercesImpl-2.11.0.jar;C:\Users\Paul\.m2\repository\xml-apis\xml-apis\1.4.01\xml-apis-1.4.01.jar;C:\Users\Paul\.m2\repository\net\sourceforge\nekohtml\nekohtml\1.9.19\nekohtml-1.9.19.jar;C:\Users\Paul\.m2\repository\net\sourceforge\cssparser\cssparser\0.9.11\cssparser-0.9.11.jar;C:\Users\Paul\.m2\repository\org\w3c\css\sac\1.3\sac-1.3.jar;C:\Users\Paul\.m2\repository\commons-logging\commons-logging\1.1.3\commons-logging-1.1.3.jar;C:\Users\Paul\.m2\repository\org\eclipse\jetty\jetty-websocket\8.1.12.v20130726\jetty-websocket-8.1.12.v20130726.jar;C:\Users\Paul\.m2\repository\org\eclipse\jetty\jetty-util\8.1.12.v20130726\jetty-util-8.1.12.v20130726.jar;C:\Users\Paul\.m2\repository\org\eclipse\jetty\jetty-io\8.1.12.v20130726\jetty-io-8.1.12.v20130726.jar;C:\Users\Paul\.m2\repository\org\eclipse\jetty\jetty-http\8.1.12.v20130726\jetty-http-8.1.12.v20130726.jar;C:\Users\Paul\.m2\repository\org\apache\httpcomponents\httpclient\4.3.1\httpclient-4.3.1.jar;C:\Users\Paul\.m2\repository\org\apache\httpcomponents\httpcore\4.3\httpcore-4.3.jar;C:\Users\Paul\.m2\repository\org\seleniumhq\selenium\selenium-firefox-driver\2.41.0\selenium-firefox-driver-2.41.0.jar;C:\Users\Paul\.m2\repository\commons-io\commons-io\2.2\commons-io-2.2.jar;C:\Users\Paul\.m2\repository\org\apache\commons\commons-exec\1.1\commons-exec-1.1.jar;C:\Users\Paul\.m2\repository\org\seleniumhq\selenium\selenium-safari-driver\2.41.0\selenium-safari-driver-2.41.0.jar;C:\Users\Paul\.m2\repository\org\seleniumhq\selenium\selenium-support\2.41.0\selenium-support-2.41.0.jar;C:\Users\Paul\.m2\repository\org\seleniumhq\selenium\selenium-api\2.41.0\selenium-api-2.41.0.jar;C:\Users\Paul\.m2\repository\org\webbitserver\webbit\0.4.14\webbit-0.4.14.jar;C:\Users\Paul\.m2\repository\io\netty\netty\3.5.2.Final\netty-3.5.2.Final.jar;C:\Users\Paul\.m2\repository\org\seleniumhq\selenium\selenium-ie-driver\2.41.0\selenium-ie-driver-2.41.0.jar;C:\Users\Paul\.m2\repository\net\java\dev\jna\jna\3.4.0\jna-3.4.0.jar;C:\Users\Paul\.m2\repository\net\java\dev\jna\platform\3.4.0\platform-3.4.0.jar;C:\Users\Paul\.m2\repository\org\seleniumhq\selenium\selenium-remote-driver\2.41.0\selenium-remote-driver-2.41.0.jar;C:\Users\Paul\.m2\repository\cglib\cglib-nodep\2.1_3\cglib-nodep-2.1_3.jar;C:\Users\Paul\.m2\repository\org\json\json\20080701\json-20080701.jar;C:\Users\Paul\.m2\repository\com\google\guava\guava\15.0\guava-15.0.jar;C:\Users\Paul\.m2\repository\org\testng\testng\6.1.1\testng-6.1.1.jar;C:\Users\Paul\.m2\repository\org\beanshell\bsh\2.0b4\bsh-2.0b4.jar;C:\Users\Paul\.m2\repository\com\beust\jcommander\1.12\jcommander-1.12.jar;C:\Users\Paul\.m2\repository\org\yaml\snakeyaml\1.6\snakeyaml-1.6.jar;C:\Users\Paul\.m2\repository\org\jsoup\jsoup\1.7.3\jsoup-1.7.3.jar;C:\Users\Paul\.m2\repository\com\microsoft\sqlserver\sqljdbc\4.1.5605\sqljdbc-4.1.5605.jar;C:\Users\Paul\.m2\repository\org\apache\poi\poi-ooxml\3.9\poi-ooxml-3.9.jar;C:\Users\Paul\.m2\repository\org\apache\poi\poi-ooxml-schemas\3.9\poi-ooxml-schemas-3.9.jar;C:\Users\Paul\.m2\repository\org\apache\xmlbeans\xmlbeans\2.3.0\xmlbeans-2.3.0.jar;C:\Users\Paul\.m2\repository\stax\stax-api\1.0.1\stax-api-1.0.1.jar;C:\Users\Paul\.m2\repository\dom4j\dom4j\1.6.1\dom4j-1.6.1.jar;C:\Users\Paul\.m2\repository\org\apache\poi\poi\3.9\poi-3.9.jar;C:\Users\Paul\.m2\repository\commons-codec\commons-codec\1.5\commons-codec-1.5.jar;C:\Users\Paul\.m2\repository\net\sf\opencsv\opencsv\2.3\opencsv-2.3.jar;"/>
    <property name="java.vm.vendor" value="Oracle Corporation"/>
    <property name="sun.arch.data.model" value="64"/>
    <property name="user.variant" value=""/>
    <property name="java.vendor.url" value="http://java.oracle.com/"/>
    <property name="user.timezone" value="Asia/Calcutta"/>
    <property name="java.vm.specification.version" value="1.8"/>
    <property name="os.name" value="Windows 8.1"/>
    <property name="sun.java.launcher" value="SUN_STANDARD"/>
    <property name="user.country" value="US"/>
    <property name="sun.boot.library.path" value="C:\Program Files\Java\jdk1.8.0_40\jre\bin"/>
    <property name="sun.java.command" value="C:\Users\Paul\AppData\Local\Temp\surefire7259154675235523637\surefirebooter3500839688158367687.jar C:\Users\Paul\AppData\Local\Temp\surefire7259154675235523637 2020-01-26T21-06-45_140-jvmRun1 surefire6413863141335877957tmp surefire_08267430795874503235tmp"/>
    <property name="surefire.test.class.path" value="C:\Users\Paul\Documents\NetBeansProjects\Assignment2\target\test-classes;C:\Users\Paul\Documents\NetBeansProjects\Assignment2\target\classes;C:\Users\Paul\.m2\repository\junit\junit\3.8.1\junit-3.8.1.jar;C:\Users\Paul\.m2\repository\org\seleniumhq\selenium\selenium-java\2.41.0\selenium-java-2.41.0.jar;C:\Users\Paul\.m2\repository\org\seleniumhq\selenium\selenium-chrome-driver\2.41.0\selenium-chrome-driver-2.41.0.jar;C:\Users\Paul\.m2\repository\org\seleniumhq\selenium\selenium-htmlunit-driver\2.41.0\selenium-htmlunit-driver-2.41.0.jar;C:\Users\Paul\.m2\repository\net\sourceforge\htmlunit\htmlunit\2.13\htmlunit-2.13.jar;C:\Users\Paul\.m2\repository\xalan\xalan\2.7.1\xalan-2.7.1.jar;C:\Users\Paul\.m2\repository\xalan\serializer\2.7.1\serializer-2.7.1.jar;C:\Users\Paul\.m2\repository\commons-collections\commons-collections\3.2.1\commons-collections-3.2.1.jar;C:\Users\Paul\.m2\repository\org\apache\commons\commons-lang3\3.1\commons-lang3-3.1.jar;C:\Users\Paul\.m2\repository\org\apache\httpcomponents\httpmime\4.3.1\httpmime-4.3.1.jar;C:\Users\Paul\.m2\repository\net\sourceforge\htmlunit\htmlunit-core-js\2.13\htmlunit-core-js-2.13.jar;C:\Users\Paul\.m2\repository\xerces\xercesImpl\2.11.0\xercesImpl-2.11.0.jar;C:\Users\Paul\.m2\repository\xml-apis\xml-apis\1.4.01\xml-apis-1.4.01.jar;C:\Users\Paul\.m2\repository\net\sourceforge\nekohtml\nekohtml\1.9.19\nekohtml-1.9.19.jar;C:\Users\Paul\.m2\repository\net\sourceforge\cssparser\cssparser\0.9.11\cssparser-0.9.11.jar;C:\Users\Paul\.m2\repository\org\w3c\css\sac\1.3\sac-1.3.jar;C:\Users\Paul\.m2\repository\commons-logging\commons-logging\1.1.3\commons-logging-1.1.3.jar;C:\Users\Paul\.m2\repository\org\eclipse\jetty\jetty-websocket\8.1.12.v20130726\jetty-websocket-8.1.12.v20130726.jar;C:\Users\Paul\.m2\repository\org\eclipse\jetty\jetty-util\8.1.12.v20130726\jetty-util-8.1.12.v20130726.jar;C:\Users\Paul\.m2\repository\org\eclipse\jetty\jetty-io\8.1.12.v20130726\jetty-io-8.1.12.v20130726.jar;C:\Users\Paul\.m2\repository\org\eclipse\jetty\jetty-http\8.1.12.v20130726\jetty-http-8.1.12.v20130726.jar;C:\Users\Paul\.m2\repository\org\apache\httpcomponents\httpclient\4.3.1\httpclient-4.3.1.jar;C:\Users\Paul\.m2\repository\org\apache\httpcomponents\httpcore\4.3\httpcore-4.3.jar;C:\Users\Paul\.m2\repository\org\seleniumhq\selenium\selenium-firefox-driver\2.41.0\selenium-firefox-driver-2.41.0.jar;C:\Users\Paul\.m2\repository\commons-io\commons-io\2.2\commons-io-2.2.jar;C:\Users\Paul\.m2\repository\org\apache\commons\commons-exec\1.1\commons-exec-1.1.jar;C:\Users\Paul\.m2\repository\org\seleniumhq\selenium\selenium-safari-driver\2.41.0\selenium-safari-driver-2.41.0.jar;C:\Users\Paul\.m2\repository\org\seleniumhq\selenium\selenium-support\2.41.0\selenium-support-2.41.0.jar;C:\Users\Paul\.m2\repository\org\seleniumhq\selenium\selenium-api\2.41.0\selenium-api-2.41.0.jar;C:\Users\Paul\.m2\repository\org\webbitserver\webbit\0.4.14\webbit-0.4.14.jar;C:\Users\Paul\.m2\repository\io\netty\netty\3.5.2.Final\netty-3.5.2.Final.jar;C:\Users\Paul\.m2\repository\org\seleniumhq\selenium\selenium-ie-driver\2.41.0\selenium-ie-driver-2.41.0.jar;C:\Users\Paul\.m2\repository\net\java\dev\jna\jna\3.4.0\jna-3.4.0.jar;C:\Users\Paul\.m2\repository\net\java\dev\jna\platform\3.4.0\platform-3.4.0.jar;C:\Users\Paul\.m2\repository\org\seleniumhq\selenium\selenium-remote-driver\2.41.0\selenium-remote-driver-2.41.0.jar;C:\Users\Paul\.m2\repository\cglib\cglib-nodep\2.1_3\cglib-nodep-2.1_3.jar;C:\Users\Paul\.m2\repository\org\json\json\20080701\json-20080701.jar;C:\Users\Paul\.m2\repository\com\google\guava\guava\15.0\guava-15.0.jar;C:\Users\Paul\.m2\repository\org\testng\testng\6.1.1\testng-6.1.1.jar;C:\Users\Paul\.m2\repository\org\beanshell\bsh\2.0b4\bsh-2.0b4.jar;C:\Users\Paul\.m2\repository\com\beust\jcommander\1.12\jcommander-1.12.jar;C:\Users\Paul\.m2\repository\org\yaml\snakeyaml\1.6\snakeyaml-1.6.jar;C:\Users\Paul\.m2\repository\org\jsoup\jsoup\1.7.3\jsoup-1.7.3.jar;C:\Users\Paul\.m2\repository\com\microsoft\sqlserver\sqljdbc\4.1.5605\sqljdbc-4.1.5605.jar;C:\Users\Paul\.m2\repository\org\apache\poi\poi-ooxml\3.9\poi-ooxml-3.9.jar;C:\Users\Paul\.m2\repository\org\apache\poi\poi-ooxml-schemas\3.9\poi-ooxml-schemas-3.9.jar;C:\Users\Paul\.m2\repository\org\apache\xmlbeans\xmlbeans\2.3.0\xmlbeans-2.3.0.jar;C:\Users\Paul\.m2\repository\stax\stax-api\1.0.1\stax-api-1.0.1.jar;C:\Users\Paul\.m2\repository\dom4j\dom4j\1.6.1\dom4j-1.6.1.jar;C:\Users\Paul\.m2\repository\org\apache\poi\poi\3.9\poi-3.9.jar;C:\Users\Paul\.m2\repository\commons-codec\commons-codec\1.5\commons-codec-1.5.jar;C:\Users\Paul\.m2\repository\net\sf\opencsv\opencsv\2.3\opencsv-2.3.jar;"/>
    <property name="sun.cpu.endian" value="little"/>
    <property name="user.home" value="C:\Users\Paul"/>
    <property name="user.language" value="en"/>
    <property name="java.specification.vendor" value="Oracle Corporation"/>
    <property name="java.home" value="C:\Program Files\Java\jdk1.8.0_40\jre"/>
    <property name="basedir" value="C:\Users\Paul\Documents\NetBeansProjects\Assignment2"/>
    <property name="file.separator" value="\"/>
    <property name="line.separator" value="&#10;"/>
    <property name="java.vm.specification.vendor" value="Oracle Corporation"/>
    <property name="java.specification.name" value="Java Platform API Specification"/>
    <property name="java.awt.graphicsenv" value="sun.awt.Win32GraphicsEnvironment"/>
    <property name="surefire.real.class.path" value="C:\Users\Paul\AppData\Local\Temp\surefire7259154675235523637\surefirebooter3500839688158367687.jar"/>
    <property name="sun.boot.class.path" value="C:\Program Files\Java\jdk1.8.0_40\jre\lib\resources.jar;C:\Program Files\Java\jdk1.8.0_40\jre\lib\rt.jar;C:\Program Files\Java\jdk1.8.0_40\jre\lib\sunrsasign.jar;C:\Program Files\Java\jdk1.8.0_40\jre\lib\jsse.jar;C:\Program Files\Java\jdk1.8.0_40\jre\lib\jce.jar;C:\Program Files\Java\jdk1.8.0_40\jre\lib\charsets.jar;C:\Program Files\Java\jdk1.8.0_40\jre\lib\jfr.jar;C:\Program Files\Java\jdk1.8.0_40\jre\classes"/>
    <property name="user.script" value=""/>
    <property name="sun.management.compiler" value="HotSpot 64-Bit Tiered Compilers"/>
    <property name="java.runtime.version" value="1.8.0_40-b26"/>
    <property name="user.name" value="Paul"/>
    <property name="path.separator" value=";"/>
    <property name="os.version" value="6.3"/>
    <property name="java.endorsed.dirs" value="C:\Program Files\Java\jdk1.8.0_40\jre\lib\endorsed"/>
    <property name="java.runtime.name" value="Java(TM) SE Runtime Environment"/>
    <property name="file.encoding" value="UTF-8"/>
    <property name="java.vm.name" value="Java HotSpot(TM) 64-Bit Server VM"/>
    <property name="maven.ext.class.path" value="C:\Program Files\NetBeans-11.2\netbeans\java\maven-nblib\netbeans-eventspy.jar"/>
    <property name="localRepository" value="C:\Users\Paul\.m2\repository"/>
    <property name="java.vendor.url.bug" value="http://bugreport.sun.com/bugreport/"/>
    <property name="java.io.tmpdir" value="C:\Users\Paul\AppData\Local\Temp\"/>
    <property name="java.version" value="1.8.0_40"/>
    <property name="user.dir" value="C:\Users\Paul\Documents\NetBeansProjects\Assignment2"/>
    <property name="os.arch" value="amd64"/>
    <property name="java.vm.specification.name" value="Java Virtual Machine Specification"/>
    <property name="java.awt.printerjob" value="sun.awt.windows.WPrinterJob"/>
    <property name="sun.os.patch.level" value=""/>
    <property name="java.library.path" value="C:\Program Files\Java\jdk1.8.0_40\jre\bin;C:\Windows\Sun\Java\bin;C:\Windows\system32;C:\Windows;C:\Python27\;C:\Python27\Scripts;C:\oracle\product\10.2.0\db_1\bin;C:\Windows\system32;C:\Windows;C:\Windows\System32\Wbem;C:\Windows\System32\WindowsPowerShell\v1.0\;C:\Program Files\Microsoft SQL Server\120\DTS\Binn\;C:\Program Files\Microsoft SQL Server\Client SDK\ODBC\110\Tools\Binn\;C:\Program Files (x86)\Microsoft SQL Server\120\Tools\Binn\;C:\Program Files\Microsoft SQL Server\120\Tools\Binn\;C:\Program Files (x86)\Microsoft SQL Server\120\Tools\Binn\ManagementStudio\;C:\Program Files (x86)\Microsoft SQL Server\120\DTS\Binn\;C:\Program Files\Microsoft SQL Server\130\Tools\Binn\;C:\Program Files\dotnet\;C:\Program Files\Microsoft SQL Server\Client SDK\ODBC\170\Tools\Binn\;C:\ProgramData\chocolatey\bin;C:\Program Files\nodejs\;C:\Program Files\Java\jdk1.8.0_40\bin;C:\apache-maven-3.6.3\bin;C:\Users\Paul\AppData\Roaming\npm;C:\Program Files\Java\jdk1.8.0_40\bin;."/>
    <property name="java.vm.info" value="mixed mode"/>
    <property name="java.vendor" value="Oracle Corporation"/>
    <property name="java.vm.version" value="25.40-b25"/>
    <property name="netbeans.testng.action" value="true"/>
    <property name="java.ext.dirs" value="C:\Program Files\Java\jdk1.8.0_40\jre\lib\ext;C:\Windows\Sun\Java\lib\ext"/>
    <property name="sun.io.unicode.encoding" value="UnicodeLittle"/>
    <property name="java.class.version" value="52.0"/>
  </properties>
  <testcase name="reviewHotel" classname="com.hotelreview.testPackage.HotelReviewSuiteTestCases" time="92.178"/>
</testsuite>